build/app/outputs/mapping/release/seeds.txt
com.example.note_app.MainActivity: MainActivity()
com.example.note_app.MainActivity
...
kotlinx.coroutines.android.AndroidExceptionPreHandler
androidx.window.embedding.MatcherUtils: boolean areActivityOrIntentComponentsMatching$window_release(android.app.Activity,android.content.ComponentName)
androidx.window.embedding.ExtensionEmbeddingBackend$SplitListenerWrapper: androidx.core.util.Consumer callback
androidx.window.layout.SidecarWindowBackend$WindowLayoutChangeCallbackWrapper: android.app.Activity activity
androidx.window.core.Bounds: Bounds(android.graphics.Rect)
androidx.window.layout.DisplayCompatHelperApi28: int safeInsetRight(android.view.DisplayCutout)
kotlin.jvm.internal.CallableReference: kotlin.reflect.KCallable compute()
androidx.window.layout.WindowMetricsCalculatorCompat: android.graphics.Rect computeWindowBoundsQ$window_release(android.app.Activity)
androidx.window.layout.WindowInfoTrackerImpl: androidx.window.layout.WindowBackend windowBackend
androidx.window.embedding.SplitController: androidx.window.embedding.SplitController access$getGlobalInstance$cp()
io.flutter.embedding.engine.FlutterJNI: void nativeDestroy(long)
androidx.window.embedding.SplitController: void initialize(android.content.Context,int)
androidx.window.layout.WindowMetrics: android.graphics.Rect getBounds()
androidx.window.embedding.ExtensionEmbeddingBackend: androidx.window.embedding.ExtensionEmbeddingBackend$EmbeddingCallbackImpl splitInfoEmbeddingCallback
kotlinx.coroutines.android.AndroidDispatcherFactory: kotlinx.coroutines.MainCoroutineDispatcher createDispatcher(java.util.List)
androidx.window.core.Bounds: int getRight()
androidx.window.R$styleable: int[] SplitPlaceholderRule
androidx.window.layout.FoldingFeature$State$Companion: FoldingFeature$State$Companion(kotlin.jvm.internal.DefaultConstructorMarker)
io.flutter.embedding.engine.systemchannels.TextInputChannel$TextCapitalization: io.flutter.embedding.engine.systemchannels.TextInputChannel$TextCapitalization[] values()
kotlinx.coroutines.scheduling.CoroutineScheduler$Worker: int indexInArray
kotlinx.coroutines.android.AndroidExceptionPreHandler: java.lang.Object _preHandler
io.flutter.embedding.engine.FlutterOverlaySurface: FlutterOverlaySurface(int,android.view.Surface)
io.flutter.embedding.engine.mutatorsstack.FlutterMutatorsStack$FlutterMutatorType: io.flutter.embedding.engine.mutatorsstack.FlutterMutatorsStack$FlutterMutatorType[] values()
androidx.window.embedding.ActivityFilter: android.content.ComponentName componentName
kotlin.coroutines.jvm.internal.BaseContinuationImpl: java.lang.String toString()
androidx.window.layout.ExtensionWindowLayoutInfoBackend$MulticastConsumer: void addListener(androidx.core.util.Consumer)
androidx.window.layout.WindowInfoTracker$Companion: androidx.window.layout.WindowInfoTracker$Companion $$INSTANCE
kotlin.jvm.internal.CallableReference: java.lang.Object receiver
androidx.window.layout.FoldingFeature$Orientation$Companion
kotlinx.coroutines.internal.AtomicOp
io.flutter.embedding.engine.systemchannels.PlatformChannel$SoundType: io.flutter.embedding.engine.systemchannels.PlatformChannel$SoundType[] values()
io.flutter.embedding.engine.FlutterJNI: void nativeSetSemanticsEnabled(long,boolean)
androidx.window.core.Bounds: int hashCode()
androidx.lifecycle.SingleGeneratedAdapterObserver
io.flutter.embedding.engine.renderer.SurfaceTextureWrapper: android.graphics.SurfaceTexture surfaceTexture()
androidx.window.java.layout.WindowInfoTrackerCallbackAdapter$addListener$1$1: kotlinx.coroutines.flow.Flow $flow
io.flutter.embedding.engine.renderer.FlutterRenderer$DisplayFeatureState: io.flutter.embedding.engine.renderer.FlutterRenderer$DisplayFeatureState valueOf(java.lang.String)
androidx.window.core.Version
androidx.window.embedding.SplitInfo: java.lang.String toString()
io.flutter.view.AccessibilityViewEmbedder: android.view.View platformViewOfNode(int)
androidx.window.layout.FoldingFeature: boolean isSeparating()
androidx.window.layout.SidecarWindowBackend$WindowLayoutChangeCallbackWrapper: java.util.concurrent.Executor executor