build/app/outputs/mapping/release/mapping.txt
# compiler: R8
# compiler_version: 2.1.62
# min_api: 16
# pg_map_id: fcee3f7
# common_typos_disable
...
kotlin.coroutines.ContinuationInterceptor$DefaultImpls -> g.s.e$a:
    kotlin.coroutines.CoroutineContext$Element get(kotlin.coroutines.ContinuationInterceptor,kotlin.coroutines.CoroutineContext$Key) -> a
    kotlin.coroutines.CoroutineContext minusKey(kotlin.coroutines.ContinuationInterceptor,kotlin.coroutines.CoroutineContext$Key) -> b
kotlin.coroutines.ContinuationInterceptor$Key -> g.s.e$b:
    kotlin.coroutines.ContinuationInterceptor$Key $$INSTANCE -> d
kotlin.coroutines.ContinuationKt -> g.s.f:
    void startCoroutine(kotlin.jvm.functions.Function2,java.lang.Object,kotlin.coroutines.Continuation) -> a
kotlin.coroutines.CoroutineContext -> g.s.g:
kotlin.coroutines.CoroutineContext$DefaultImpls -> g.s.g$a:
    kotlin.coroutines.CoroutineContext plus(kotlin.coroutines.CoroutineContext,kotlin.coroutines.CoroutineContext) -> a
kotlin.coroutines.CoroutineContext$Element -> g.s.g$b:
kotlin.coroutines.CoroutineContext$Element$DefaultImpls -> g.s.g$b$a:
    java.lang.Object fold(kotlin.coroutines.CoroutineContext$Element,java.lang.Object,kotlin.jvm.functions.Function2) -> a
    kotlin.coroutines.CoroutineContext$Element get(kotlin.coroutines.CoroutineContext$Element,kotlin.coroutines.CoroutineContext$Key) -> b
    kotlin.coroutines.CoroutineContext minusKey(kotlin.coroutines.CoroutineContext$Element,kotlin.coroutines.CoroutineContext$Key) -> c
    kotlin.coroutines.CoroutineContext plus(kotlin.coroutines.CoroutineContext$Element,kotlin.coroutines.CoroutineContext) -> d
kotlin.coroutines.CoroutineContext$Key -> g.s.g$c:
kotlin.coroutines.CoroutineContext$plus$1 -> g.s.g$a$a:
    kotlin.coroutines.CoroutineContext$plus$1 INSTANCE -> d
    kotlin.coroutines.CoroutineContext invoke(kotlin.coroutines.CoroutineContext,kotlin.coroutines.CoroutineContext$Element) -> a
kotlin.coroutines.EmptyCoroutineContext -> g.s.h:
    kotlin.coroutines.EmptyCoroutineContext INSTANCE -> d
kotlin.coroutines.intrinsics.CoroutineSingletons -> g.s.i.a:
    kotlin.coroutines.intrinsics.CoroutineSingletons UNDECIDED -> e
    kotlin.coroutines.intrinsics.CoroutineSingletons RESUMED -> f
    kotlin.coroutines.intrinsics.CoroutineSingletons COROUTINE_SUSPENDED -> d
    kotlin.coroutines.intrinsics.CoroutineSingletons[] $VALUES -> g
    kotlin.coroutines.intrinsics.CoroutineSingletons[] $values() -> a
kotlin.coroutines.intrinsics.IntrinsicsKt -> g.s.i.b:
    kotlin.coroutines.Continuation createCoroutineUnintercepted(kotlin.jvm.functions.Function2,java.lang.Object,kotlin.coroutines.Continuation) -> a
    kotlin.coroutines.Continuation intercepted(kotlin.coroutines.Continuation) -> b
    java.lang.Object getCOROUTINE_SUSPENDED() -> c
kotlin.coroutines.intrinsics.IntrinsicsKt__IntrinsicsJvmKt -> g.s.i.c:
    kotlin.coroutines.Continuation createCoroutineUnintercepted(kotlin.jvm.functions.Function2,java.lang.Object,kotlin.coroutines.Continuation) -> a
    kotlin.coroutines.Continuation intercepted(kotlin.coroutines.Continuation) -> b
kotlin.coroutines.intrinsics.IntrinsicsKt__IntrinsicsJvmKt$createCoroutineUnintercepted$$inlined$createCoroutineFromSuspendFunction$IntrinsicsKt__IntrinsicsJvmKt$3 -> g.s.i.c$a:
    kotlin.jvm.functions.Function2 $this_createCoroutineUnintercepted$inlined -> f
    java.lang.Object $receiver$inlined -> g
    kotlin.coroutines.Continuation $completion -> e
    int label -> d
kotlin.coroutines.intrinsics.IntrinsicsKt__IntrinsicsJvmKt$createCoroutineUnintercepted$$inlined$createCoroutineFromSuspendFunction$IntrinsicsKt__IntrinsicsJvmKt$4 -> g.s.i.c$b:
    kotlin.jvm.functions.Function2 $this_createCoroutineUnintercepted$inlined -> g
    java.lang.Object $receiver$inlined -> h
    kotlin.coroutines.Continuation $completion -> e
    kotlin.coroutines.CoroutineContext $context -> f
    int label -> d
kotlin.coroutines.intrinsics.IntrinsicsKt__IntrinsicsKt -> g.s.i.d:
    java.lang.Object getCOROUTINE_SUSPENDED() -> c
kotlin.coroutines.jvm.internal.BaseContinuationImpl -> g.s.j.a.a: