build/app/outputs/mapping/release/usage.txt
com.example.note_app.BuildConfig
com.example.note_app.R$color
com.example.note_app.R$style
com.example.note_app.R$attr
com.example.note_app.R$integer
com.example.note_app.R$mipmap
com.example.note_app.R$id
com.example.note_app.R$drawable
com.example.note_app.R
com.example.note_app.R$string
com.example.note_app.R$dimen
com.example.note_app.R$layout
com.example.note_app.R$styleable
...
androidx.customview.widget.ExploreByTouchHelper$MyNodeProvider
androidx.core.location.LocationCompat
kotlinx.coroutines.flow.StartedLazily$command$1$invokeSuspend$$inlined$collect$1$1
kotlin.text.CharsetsKt
androidx.core.app.ShareCompat$IntentBuilder
androidx.fragment.app.FragmentManagerNonConfig
io.flutter.embedding.engine.plugins.broadcastreceiver.BroadcastReceiverPluginBinding:
    public abstract android.content.BroadcastReceiver getBroadcastReceiver()
kotlinx.coroutines.channels.ChannelsKt__DeprecatedKt$consumes$1
androidx.core.view.MenuItemCompat
kotlin.ULong$Companion
kotlin.ranges.IntRange:
    public boolean contains(int)
    public synthetic bridge java.lang.Comparable getStart()
    public synthetic bridge java.lang.Comparable getEndInclusive()
    public synthetic bridge boolean contains(java.lang.Comparable)
kotlin.collections.IndexingIterator
androidx.loader.content.Loader$OnLoadCompleteListener
androidx.core.view.GestureDetectorCompat$GestureDetectorCompatImplBase
kotlin.streams.jdk8.StreamsKt$asSequence$$inlined$Sequence$3
kotlinx.coroutines.flow.FlowKt__BuildersKt$flowOf$$inlined$unsafeFlow$2
org.intellij.lang.annotations.JdkConstants$BoxLayoutAxis
kotlinx.coroutines.channels.ConflatedBroadcastChannel$State
androidx.core.widget.AutoSizeableTextView
kotlinx.coroutines.channels.AbstractChannel$onReceiveCatching$1
androidx.versionedparcelable.VersionedParcelStream
androidx.core.view.inputmethod.EditorInfoCompat
kotlinx.coroutines.channels.ChannelsKt__DeprecatedKt$filterNot$1
kotlinx.coroutines.CancelFutureOnCompletion
io.flutter.plugins.sharedpreferences.R$attr
kotlinx.coroutines.flow.FlowKt__ErrorsKt$catchImpl$$inlined$collect$1$1
kotlin.jvm.internal.PropertyReference0Impl
kotlinx.coroutines.flow.FlowKt__TransformKt$map$$inlined$unsafeTransform$1$1
kotlin.jvm.internal.CallableReference$NoReceiver:
    private java.lang.Object readResolve()
androidx.viewpager.widget.ViewPager$4
kotlin.collections.AbstractSet
kotlin.DeepRecursiveScopeImpl$crossFunctionCompletion$$inlined$Continuation$1
kotlinx.coroutines.ThreadState
kotlinx.coroutines.flow.FlowKt__EmittersKt$onCompletion$$inlined$unsafeFlow$1
kotlinx.coroutines.flow.FlowKt__DelayKt$sample$2$1$2
androidx.core.view.KeyEventDispatcher$Component
kotlinx.coroutines.ExperimentalCoroutinesApi
kotlinx.coroutines.flow.FlowKt__ZipKt$combine$$inlined$unsafeFlow$2
kotlin.NumbersKt
kotlinx.coroutines.flow.FlowKt__CountKt$count$$inlined$collect$2
org.intellij.lang.annotations.JdkConstants$InputEventMask
kotlin.annotation.AnnotationTarget
kotlinx.coroutines.sync.SemaphoreKt$withPermit$1
kotlin.jvm.internal.Intrinsics$Kotlin
androidx.core.provider.FontsContractCompat$FontInfo
kotlin.ResultKt:
    private static final java.lang.Object runCatching(kotlin.jvm.functions.Function0)
    private static final java.lang.Object runCatching(java.lang.Object,kotlin.jvm.functions.Function1)
    private static final java.lang.Object getOrThrow(java.lang.Object)
    private static final java.lang.Object getOrElse(java.lang.Object,kotlin.jvm.functions.Function1)
    private static final java.lang.Object getOrDefault(java.lang.Object,java.lang.Object)
    private static final java.lang.Object fold(java.lang.Object,kotlin.jvm.functions.Function1,kotlin.jvm.functions.Function1)
    private static final java.lang.Object map(java.lang.Object,kotlin.jvm.functions.Function1)
    private static final java.lang.Object mapCatching(java.lang.Object,kotlin.jvm.functions.Function1)
    private static final java.lang.Object recover(java.lang.Object,kotlin.jvm.functions.Function1)
    private static final java.lang.Object recoverCatching(java.lang.Object,kotlin.jvm.functions.Function1)
    private static final java.lang.Object onFailure(java.lang.Object,kotlin.jvm.functions.Function1)
    private static final java.lang.Object onSuccess(java.lang.Object,kotlin.jvm.functions.Function1)
kotlinx.coroutines.internal.MainDispatcherFactory$DefaultImpls
androidx.core.location.GpsStatusWrapper
androidx.annotation.Px